2020-03-26 15:45:37 [scrapy.utils.log] INFO: Scrapy 2.0.1 started (bot: tutorial)
2020-03-26 15:45:37 [scrapy.utils.log] INFO: Versions: lxml 4.3.4.0, libxml2 2.9.5, cssselect 1.1.0, parsel 1.5.2, w3lib 1.21.0, Twisted 20.3.0, Python 3.6.2 |Anaconda, Inc.| (default, Sep 19 2017, 08:03:39) [MSC v.1900 64 bit (AMD64)], pyOpenSSL 17.2.0 (OpenSSL 1.0.2p  14 Aug 2018), cryptography 2.0.3, Platform Windows-10-10.0.17763-SP0
2020-03-26 15:45:37 [scrapy.utils.log] DEBUG: Using reactor: twisted.internet.selectreactor.SelectReactor
2020-03-26 15:45:37 [scrapy.crawler] INFO: Overridden settings:
{'BOT_NAME': 'tutorial',
 'LOG_FILE': 'logs\\sina\\quotes\\c420b1246f3511ea9488ca8bf2084940.log',
 'NEWSPIDER_MODULE': 'tutorial.spiders',
 'ROBOTSTXT_OBEY': True,
 'SPIDER_MODULES': ['tutorial.spiders'],
 'TELNETCONSOLE_PORT': None}
2020-03-26 15:45:37 [scrapy.extensions.telnet] INFO: Telnet Password: 65732ddf8f6cb177
2020-03-26 15:45:37 [scrapy.middleware] INFO: Enabled extensions:
['scrapy.extensions.corestats.CoreStats',
 'scrapy.extensions.telnet.TelnetConsole',
 'scrapy.extensions.logstats.LogStats']
2020-03-26 15:45:37 [scrapy.middleware] INFO: Enabled downloader middlewares:
['scrapy.downloadermiddlewares.robotstxt.RobotsTxtMiddleware',
 'scrapy.downloadermiddlewares.httpauth.HttpAuthMiddleware',
 'scrapy.downloadermiddlewares.downloadtimeout.DownloadTimeoutMiddleware',
 'scrapy.downloadermiddlewares.defaultheaders.DefaultHeadersMiddleware',
 'scrapy.downloadermiddlewares.useragent.UserAgentMiddleware',
 'scrapy.downloadermiddlewares.retry.RetryMiddleware',
 'scrapy.downloadermiddlewares.redirect.MetaRefreshMiddleware',
 'scrapy.downloadermiddlewares.httpcompression.HttpCompressionMiddleware',
 'scrapy.downloadermiddlewares.redirect.RedirectMiddleware',
 'scrapy.downloadermiddlewares.cookies.CookiesMiddleware',
 'scrapy.downloadermiddlewares.httpproxy.HttpProxyMiddleware',
 'scrapy.downloadermiddlewares.stats.DownloaderStats']
2020-03-26 15:45:37 [scrapy.middleware] INFO: Enabled spider middlewares:
['scrapy.spidermiddlewares.httperror.HttpErrorMiddleware',
 'scrapy.spidermiddlewares.offsite.OffsiteMiddleware',
 'scrapy.spidermiddlewares.referer.RefererMiddleware',
 'scrapy.spidermiddlewares.urllength.UrlLengthMiddleware',
 'scrapy.spidermiddlewares.depth.DepthMiddleware']
2020-03-26 15:45:37 [scrapy.middleware] INFO: Enabled item pipelines:
[]
2020-03-26 15:45:37 [scrapy.core.engine] INFO: Spider opened
2020-03-26 15:45:37 [scrapy.extensions.logstats] INFO: Crawled 0 pages (at 0 pages/min), scraped 0 items (at 0 items/min)
2020-03-26 15:45:37 [scrapy.extensions.telnet] INFO: Telnet console listening on 127.0.0.1:48654
2020-03-26 15:45:37 [scrapy.core.engine] DEBUG: Crawled (200) <GET https://finance.sina.com.cn/robots.txt> (referer: None)
2020-03-26 15:45:37 [scrapy.core.engine] DEBUG: Crawled (200) <GET https://finance.sina.com.cn/> (referer: None)
2020-03-26 15:45:38 [quotes] DEBUG: Saved file finance.sina.com.cn.html
2020-03-26 15:45:38 [scrapy.core.engine] INFO: Closing spider (finished)
2020-03-26 15:45:38 [scrapy.statscollectors] INFO: Dumping Scrapy stats:
{'downloader/request_bytes': 448,
 'downloader/request_count': 2,
 'downloader/request_method_count/GET': 2,
 'downloader/response_bytes': 89986,
 'downloader/response_count': 2,
 'downloader/response_status_count/200': 2,
 'elapsed_time_seconds': 0.369988,
 'finish_reason': 'finished',
 'finish_time': datetime.datetime(2020, 3, 26, 7, 45, 38, 44873),
 'log_count/DEBUG': 3,
 'log_count/INFO': 10,
 'response_received_count': 2,
 'robotstxt/request_count': 1,
 'robotstxt/response_count': 1,
 'robotstxt/response_status_count/200': 1,
 'scheduler/dequeued': 1,
 'scheduler/dequeued/memory': 1,
 'scheduler/enqueued': 1,
 'scheduler/enqueued/memory': 1,
 'start_time': datetime.datetime(2020, 3, 26, 7, 45, 37, 674885)}
2020-03-26 15:45:38 [scrapy.core.engine] INFO: Spider closed (finished)
